<?xml version="1.0" encoding="UTF-8"?>
<!-- Generated by org.testng.reporters.JUnitReportReporter -->
<testsuite hostname="Paramjits-MacBook-Air.local" failures="0" tests="1" name="runner.RunProject" time="78.507" errors="0" timestamp="08 Oct 2023 06:18:00 GMT" skipped="0">
  <testcase classname="runner.RunProject" name="runScenario" time="78.507"/>
</testsuite> <!-- runner.RunProject -->
